2017-12-04 21:50:46.3822|INFO|Microsoft.AspNetCore.Hosting.Internal.WebHost|Request starting HTTP/1.1 GET http://localhost:50438/  
2017-12-04 21:50:46.3822|INFO|Microsoft.AspNetCore.Hosting.Internal.WebHost|Request starting HTTP/1.1 GET http://localhost:50438/api/cities/1/pointsofinterest  
2017-12-04 21:50:47.1763|INFO|Microsoft.AspNetCore.Hosting.Internal.WebHost|Request finished in 1021.8316ms 404 text/plain
2017-12-04 21:50:47.3363|INFO|Microsoft.AspNetCore.Hosting.Internal.WebHost|Request starting HTTP/1.1 GET http://localhost:50438/favicon.ico  
2017-12-04 21:50:47.3603|INFO|Microsoft.AspNetCore.Hosting.Internal.WebHost|Request finished in 24.6105ms 404 text/plain
2017-12-04 21:50:47.5453|INFO|Microsoft.AspNetCore.Mvc.Internal.ControllerActionInvoker|Executing action method CityInfo.API.Controllers.PointsOfInterestController.GetPointsOfInterest (CityInfo.API) with arguments (1) - ModelState is Valid
2017-12-04 21:50:47.6863|FATAL|CityInfo.API.Controllers.PointsOfInterestController|Ocorreu um erro ao tentar obter a cidade 1.
2017-12-04 21:50:47.7363|INFO|Microsoft.AspNetCore.Mvc.Internal.ObjectResultExecutor|Executing ObjectResult, writing value Microsoft.AspNetCore.Mvc.ControllerContext.
2017-12-04 21:50:47.8003|INFO|Microsoft.AspNetCore.Mvc.Internal.ControllerActionInvoker|Executed action CityInfo.API.Controllers.PointsOfInterestController.GetPointsOfInterest (CityInfo.API) in 331.5284ms
2017-12-04 21:50:47.8353|INFO|Microsoft.AspNetCore.Hosting.Internal.WebHost|Request finished in 1681.1864ms 500 text/plain; charset=utf-8
2017-12-04 21:58:30.9248|INFO|Microsoft.AspNetCore.Hosting.Internal.WebHost|Request starting HTTP/1.1 GET http://localhost:50438/api/cities  
2017-12-04 21:58:30.9248|INFO|Microsoft.AspNetCore.Hosting.Internal.WebHost|Request starting HTTP/1.1 GET http://localhost:50438/  
2017-12-04 21:58:31.7289|INFO|Microsoft.AspNetCore.Hosting.Internal.WebHost|Request finished in 1011.9246ms 404 text/plain
2017-12-04 21:58:31.8959|INFO|Microsoft.AspNetCore.Hosting.Internal.WebHost|Request starting HTTP/1.1 GET http://localhost:50438/favicon.ico  
2017-12-04 21:58:31.9559|INFO|Microsoft.AspNetCore.Hosting.Internal.WebHost|Request finished in 66.1526ms 404 text/plain
2017-12-04 21:58:32.0209|INFO|Microsoft.AspNetCore.Mvc.Internal.ControllerActionInvoker|Executing action method CityInfo.API.Controllers.CitiesController.GetCities (CityInfo.API) with arguments ((null)) - ModelState is Valid
2017-12-04 21:58:32.1069|INFO|Microsoft.AspNetCore.Mvc.Internal.ObjectResultExecutor|Executing ObjectResult, writing value Microsoft.AspNetCore.Mvc.ControllerContext.
2017-12-04 21:58:32.4619|INFO|Microsoft.AspNetCore.Mvc.Internal.ControllerActionInvoker|Executed action CityInfo.API.Controllers.CitiesController.GetCities (CityInfo.API) in 490.1368ms
2017-12-04 21:58:32.5239|INFO|Microsoft.AspNetCore.Hosting.Internal.WebHost|Request finished in 1807.7949ms 200 application/json; charset=utf-8
2017-12-04 21:58:39.8203|INFO|Microsoft.AspNetCore.Hosting.Internal.WebHost|Request starting HTTP/1.1 DELETE http://localhost:50438/api/cities/1/pointsofinterest/1  
2017-12-04 21:58:39.9993|INFO|Microsoft.AspNetCore.Mvc.Internal.ControllerActionInvoker|Executing action method CityInfo.API.Controllers.PointsOfInterestController.DeletePointOfInterest (CityInfo.API) with arguments (1, 1) - ModelState is Valid
2017-12-04 21:58:54.2221|INFO|CityInfo.API.Services.LocalMailService|Email de allan.pedroni@gmail.com para allan.pedroni@gmail.com, com a classe LocalMailService.
2017-12-04 21:58:56.6133|INFO|CityInfo.API.Services.LocalMailService|Assunto Point of interest deleted.
2017-12-04 21:58:58.4494|INFO|CityInfo.API.Services.LocalMailService|Mensagem Point of interest Parque municipal with id 1 was deleted.
2017-12-04 21:58:58.5164|INFO|Microsoft.AspNetCore.Mvc.StatusCodeResult|Executing HttpStatusCodeResult, setting HTTP status code 204
2017-12-04 21:58:58.5654|INFO|Microsoft.AspNetCore.Mvc.Internal.ControllerActionInvoker|Executed action CityInfo.API.Controllers.PointsOfInterestController.DeletePointOfInterest (CityInfo.API) in 18606.6745ms
2017-12-04 21:58:58.6404|INFO|Microsoft.AspNetCore.Hosting.Internal.WebHost|Request finished in 18799.0699ms 204 
